D:\PROJECTS\PDFLIBNET\BIN\ZLIB_D.LIB
D:\PROJECTS\PDFLIBNET\ZLIB\WIN32_LIB_DEBUG\ADLER321.OBJ
d:\Projects\PDFLibNet\zlib\Win32_LIB_Debug\cl.command.1.tlog
d:\Projects\PDFLibNet\zlib\Win32_LIB_Debug\CL.read.1.tlog
d:\Projects\PDFLibNet\zlib\Win32_LIB_Debug\CL.write.1.tlog
D:\PROJECTS\PDFLIBNET\ZLIB\WIN32_LIB_DEBUG\COMPRESS1.OBJ
D:\PROJECTS\PDFLIBNET\ZLIB\WIN32_LIB_DEBUG\CRC321.OBJ
D:\PROJECTS\PDFLIBNET\ZLIB\WIN32_LIB_DEBUG\DEFLATE1.OBJ
D:\PROJECTS\PDFLIBNET\ZLIB\WIN32_LIB_DEBUG\GZIO1.OBJ
D:\PROJECTS\PDFLIBNET\ZLIB\WIN32_LIB_DEBUG\INFBACK1.OBJ
D:\PROJECTS\PDFLIBNET\ZLIB\WIN32_LIB_DEBUG\INFFAST1.OBJ
D:\PROJECTS\PDFLIBNET\ZLIB\WIN32_LIB_DEBUG\INFLATE1.OBJ
D:\PROJECTS\PDFLIBNET\ZLIB\WIN32_LIB_DEBUG\INFTREES1.OBJ
d:\Projects\PDFLibNet\zlib\Win32_LIB_Debug\lib.command.1.tlog
d:\Projects\PDFLibNet\zlib\Win32_LIB_Debug\Lib-link.read.1.tlog
d:\Projects\PDFLibNet\zlib\Win32_LIB_Debug\Lib-link.write.1.tlog
D:\PROJECTS\PDFLIBNET\ZLIB\WIN32_LIB_DEBUG\TREES1.OBJ
D:\PROJECTS\PDFLIBNET\ZLIB\WIN32_LIB_DEBUG\UNCOMPR1.OBJ
d:\Projects\PDFLibNet\zlib\Win32_LIB_Debug\vc100.idb
D:\PROJECTS\PDFLIBNET\ZLIB\WIN32_LIB_DEBUG\VC100.PDB
D:\PROJECTS\PDFLIBNET\ZLIB\WIN32_LIB_DEBUG\ZUTIL1.OBJ
